<?xml version="1.0" encoding="UTF-8"?>
<!-- Generated by org.testng.reporters.JUnitXMLReporter -->
<testsuite ignored="7" hostname="Sasi" failures="0" tests="1" name="Default test" time="26.62" errors="0" timestamp="21 Nov 2022 08:51:14 GMT">
  <testcase classname="Runner.LoginAsUser" name="MakeAndModel" time="20.889"/>
  <testcase classname="Runner.LoginAsUser" name="filters_BodyType" time="0.0">
    <ignored/>
  </testcase> <!-- filters_BodyType -->
  <testcase classname="Runner.LoginAsUser" name="moreFilters" time="0.0">
    <ignored/>
  </testcase> <!-- moreFilters -->
  <testcase classname="Runner.LoginAsUser" name="wishList" time="0.0">
    <ignored/>
  </testcase> <!-- wishList -->
  <testcase classname="Runner.LoginAsUser" name="filters_Feature" time="0.0">
    <ignored/>
  </testcase> <!-- filters_Feature -->
  <testcase classname="Runner.LoginAsUser" name="filters_Performance" time="0.0">
    <ignored/>
  </testcase> <!-- filters_Performance -->
  <testcase classname="Runner.LoginAsUser" name="filters_Payment" time="0.0">
    <ignored/>
  </testcase> <!-- filters_Payment -->
  <testcase classname="Runner.LoginAsUser" name="filters_Price" time="0.0">
    <ignored/>
  </testcase> <!-- filters_Price -->
</testsuite> <!-- Default test -->
