<?xml version="1.0" encoding="UTF-8"?>
<testng-results ignored="7" total="8" passed="1" failed="0" skipped="0">
  <reporter-output>
  </reporter-output>
  <suite started-at="2022-11-21T08:50:47Z" name="Default suite" finished-at="2022-11-21T08:51:14Z" duration-ms="26620">
    <groups>
    </groups>
    <test started-at="2022-11-21T08:50:47Z" name="Default test" finished-at="2022-11-21T08:51:14Z" duration-ms="26620">
      <class name="Runner.LoginAsUser">
        <test-method is-config="true" signature="lunchurl()[pri:0, instance:Runner.LoginAsUser@24569dba]" started-at="2022-11-21T08:50:47Z" name="lunchurl" finished-at="2022-11-21T08:50:53Z" duration-ms="5704" status="PASS">
          <reporter-output>
          </reporter-output>
        </test-method> <!-- lunchurl -->
        <test-method signature="MakeAndModel()[pri:0, instance:Runner.LoginAsUser@24569dba]" started-at="2022-11-21T08:50:53Z" name="MakeAndModel" finished-at="2022-11-21T08:51:14Z" duration-ms="20889" status="PASS">
          <reporter-output>
          </reporter-output>
        </test-method> <!-- MakeAndModel -->
        <test-method is-config="true" signature="quite()[pri:0, instance:Runner.LoginAsUser@24569dba]" started-at="2022-11-21T08:51:14Z" name="quite" finished-at="2022-11-21T08:51:14Z" duration-ms="0" status="PASS">
          <reporter-output>
          </reporter-output>
        </test-method> <!-- quite -->
      </class> <!-- Runner.LoginAsUser -->
    </test> <!-- Default test -->
  </suite> <!-- Default suite -->
</testng-results>
